<?xml version="1.0" encoding="UTF-8"?>
<testsuite name="GeometryTests" tests="14" skipped="0" failures="0" errors="0" timestamp="2021-01-25T20:52:56" hostname="DESKTOP-JSBVD3G" time="0.034">
  <properties/>
  <testcase name="retrieve_color_of_shape" classname="GeometryTests" time="0.007"/>
  <testcase name="radius_of_circle" classname="GeometryTests" time="0.0"/>
  <testcase name="retrieve_center_not_on_plane" classname="GeometryTests" time="0.001"/>
  <testcase name="radius_of_circle_without_parameters" classname="GeometryTests" time="0.002"/>
  <testcase name="move_point" classname="GeometryTests" time="0.003"/>
  <testcase name="update_radius_of_circle" classname="GeometryTests" time="0.001"/>
  <testcase name="set_get_center_of_shape" classname="GeometryTests" time="0.001"/>
  <testcase name="move_center_of_shape" classname="GeometryTests" time="0.0"/>
  <testcase name="length_width_of_rectangle_withoutParameters" classname="GeometryTests" time="0.0"/>
  <testcase name="update_length_width_of_rectangle" classname="GeometryTests" time="0.0"/>
  <testcase name="retrieve_x_y_coordinates" classname="GeometryTests" time="0.0"/>
  <testcase name="retrieve_area" classname="GeometryTests" time="0.0"/>
  <testcase name="retrieve_perimeter" classname="GeometryTests" time="0.001"/>
  <testcase name="length_width_of_rectangle" classname="GeometryTests" time="0.0"/>
  <system-out><![CDATA[]]></system-out>
  <system-err><![CDATA[]]></system-err>
</testsuite>
