<?xml version="1.0" encoding="UTF-8"?>
<testsuite name="GeometryTests" tests="1" skipped="0" failures="0" errors="0" timestamp="2021-01-25T21:52:39" hostname="DESKTOP-JSBVD3G" time="0.004">
  <properties/>
  <testcase name="display_shape" classname="GeometryTests" time="0.004"/>
  <system-out><![CDATA[]]></system-out>
  <system-err><![CDATA[]]></system-err>
</testsuite>
